  main.cpp
main.cpp(53): warning C4005: 'INFINITY': macro redefinition
  C:\Program Files (x86)\Windows Kits\10\Include\10.0.10240.0\ucrt\math.h(78): note: see previous definition of 'INFINITY'
main.cpp(119): warning C4305: 'initializing': truncation from 'double' to 'float'
main.cpp(133): warning C4305: 'argument': truncation from 'double' to 'const float'
main.cpp(144): warning C4305: 'initializing': truncation from 'double' to 'float'
main.cpp(189): warning C4244: 'initializing': conversion from 'double' to 'float', possible loss of data
main.cpp(190): warning C4244: 'initializing': conversion from 'double' to 'float', possible loss of data
main.cpp(251): warning C4244: 'initializing': conversion from 'double' to 'float', possible loss of data
main.cpp(318): warning C4101: 'radius': unreferenced local variable
main.cpp(320): warning C4101: 'transparency': unreferenced local variable
main.cpp(321): warning C4101: 'rotationSpeed': unreferenced local variable
main.cpp(323): warning C4101: 'parentSphere': unreferenced local variable
main.cpp(320): warning C4101: 'reflection': unreferenced local variable
main.cpp(318): warning C4101: 'radius2': unreferenced local variable
main.cpp(439): warning C4244: '=': conversion from 'float' to 'int', possible loss of data
main.cpp(631): warning C4996: 'ctime': This function or variable may be unsafe. Consider using ctime_s instead. To disable deprecation, use _CRT_SECURE_NO_WARNINGS. See online help for details.
  C:\Program Files (x86)\Windows Kits\10\Include\10.0.10240.0\ucrt\time.h(475): note: see declaration of 'ctime'
main.cpp(650): warning C4996: 'ctime': This function or variable may be unsafe. Consider using ctime_s instead. To disable deprecation, use _CRT_SECURE_NO_WARNINGS. See online help for details.
  C:\Program Files (x86)\Windows Kits\10\Include\10.0.10240.0\ucrt\time.h(475): note: see declaration of 'ctime'
  Generating code
  2 of 1182 functions ( 0.2%) were compiled, the rest were copied from previous compilation.
    0 functions were new in current compilation
    1 functions had inline decision re-evaluated but remain unchanged
  Finished generating code
  RayTracerSmall.vcxproj -> F:\University\Low-Level Game Programming\Ray Tracing\RayTracer\RayTracerFramework Op\RayTracerFramework\Release\RayTracerSmall.exe
  RayTracerSmall.vcxproj -> F:\University\Low-Level Game Programming\Ray Tracing\RayTracer\RayTracerFramework Op\RayTracerFramework\Release\RayTracerSmall.pdb (Full PDB)
